Determining if the pthread_create exist failed with the following output:
Change Dir: /home/ubuntu/workshop4/openpose/caffe/src/openpose_lib-build/CMakeFiles/CMakeTmp

Run Build Command:"/usr/bin/make" "cmTC_ccebf/fast"
make[3]: Entering directory '/home/ubuntu/workshop4/openpose/caffe/src/openpose_lib-build/CMakeFiles/CMakeTmp'
/usr/bin/make -f CMakeFiles/cmTC_ccebf.dir/build.make CMakeFiles/cmTC_ccebf.dir/build
make[4]: Entering directory '/home/ubuntu/workshop4/openpose/caffe/src/openpose_lib-build/CMakeFiles/CMakeTmp'
Building C object CMakeFiles/cmTC_ccebf.dir/CheckSymbolExists.c.o
/usr/bin/cc    -o CMakeFiles/cmTC_ccebf.dir/CheckSymbolExists.c.o   -c /home/ubuntu/workshop4/openpose/caffe/src/openpose_lib-build/CMakeFiles/CMakeTmp/CheckSymbolExists.c
Linking C executable cmTC_ccebf
/usr/local/lib/python3.6/dist-packages/cmake/data/bin/cmake -E cmake_link_script CMakeFiles/cmTC_ccebf.dir/link.txt --verbose=1
/usr/bin/cc      -rdynamic CMakeFiles/cmTC_ccebf.dir/CheckSymbolExists.c.o  -o cmTC_ccebf 
CMakeFiles/cmTC_ccebf.dir/CheckSymbolExists.c.o: In function `main':
CheckSymbolExists.c:(.text+0x1b): undefined reference to `pthread_create'
collect2: error: ld returned 1 exit status
CMakeFiles/cmTC_ccebf.dir/build.make:86: recipe for target 'cmTC_ccebf' failed
make[4]: *** [cmTC_ccebf] Error 1
make[4]: Leaving directory '/home/ubuntu/workshop4/openpose/caffe/src/openpose_lib-build/CMakeFiles/CMakeTmp'
Makefile:121: recipe for target 'cmTC_ccebf/fast' failed
make[3]: *** [cmTC_ccebf/fast] Error 2
make[3]: Leaving directory '/home/ubuntu/workshop4/openpose/caffe/src/openpose_lib-build/CMakeFiles/CMakeTmp'

File /home/ubuntu/workshop4/openpose/caffe/src/openpose_lib-build/CMakeFiles/CMakeTmp/CheckSymbolExists.c:
/* */
#include <pthread.h>

int main(int argc, char** argv)
{
  (void)argv;
#ifndef pthread_create
  return ((int*)(&pthread_create))[argc];
#else
  (void)argc;
  return 0;
#endif
}

Determining if the function pthread_create exists in the pthreads failed with the following output:
Change Dir: /home/ubuntu/workshop4/openpose/caffe/src/openpose_lib-build/CMakeFiles/CMakeTmp

Run Build Command:"/usr/bin/make" "cmTC_0a62a/fast"
make[3]: Entering directory '/home/ubuntu/workshop4/openpose/caffe/src/openpose_lib-build/CMakeFiles/CMakeTmp'
/usr/bin/make -f CMakeFiles/cmTC_0a62a.dir/build.make CMakeFiles/cmTC_0a62a.dir/build
make[4]: Entering directory '/home/ubuntu/workshop4/openpose/caffe/src/openpose_lib-build/CMakeFiles/CMakeTmp'
Building C object CMakeFiles/cmTC_0a62a.dir/CheckFunctionExists.c.o
/usr/bin/cc   -DCHECK_FUNCTION_EXISTS=pthread_create   -o CMakeFiles/cmTC_0a62a.dir/CheckFunctionExists.c.o   -c /usr/local/lib/python3.6/dist-packages/cmake/data/share/cmake-3.13/Modules/CheckFunctionExists.c
Linking C executable cmTC_0a62a
/usr/local/lib/python3.6/dist-packages/cmake/data/bin/cmake -E cmake_link_script CMakeFiles/cmTC_0a62a.dir/link.txt --verbose=1
/usr/bin/cc  -DCHECK_FUNCTION_EXISTS=pthread_create    -rdynamic CMakeFiles/cmTC_0a62a.dir/CheckFunctionExists.c.o  -o cmTC_0a62a -lpthreads 
/usr/bin/ld: cannot find -lpthreads
collect2: error: ld returned 1 exit status
CMakeFiles/cmTC_0a62a.dir/build.make:86: recipe for target 'cmTC_0a62a' failed
make[4]: *** [cmTC_0a62a] Error 1
make[4]: Leaving directory '/home/ubuntu/workshop4/openpose/caffe/src/openpose_lib-build/CMakeFiles/CMakeTmp'
Makefile:121: recipe for target 'cmTC_0a62a/fast' failed
make[3]: *** [cmTC_0a62a/fast] Error 2
make[3]: Leaving directory '/home/ubuntu/workshop4/openpose/caffe/src/openpose_lib-build/CMakeFiles/CMakeTmp'


